<?xml version="1.0" encoding="UTF-8"?>
<testng-results ignored="0" total="1" passed="1" failed="0" skipped="0">
  <reporter-output>
  </reporter-output>
  <suite started-at="2025-07-10T16:10:07 IST" name="Default suite" finished-at="2025-07-10T16:10:15 IST" duration-ms="7486">
    <groups>
    </groups>
    <test started-at="2025-07-10T16:10:07 IST" name="Default test" finished-at="2025-07-10T16:10:15 IST" duration-ms="7486">
      <class name="Assessment.Assessment11">
        <test-method is-config="true" signature="OpenURL()[pri:0, instance:Assessment.Assessment11@736d6a5c]" started-at="2025-07-10T16:10:07 IST" name="OpenURL" finished-at="2025-07-10T16:10:14 IST" duration-ms="6294" status="PASS">
          <reporter-output>
          </reporter-output>
        </test-method> <!-- OpenURL -->
        <test-method signature="ChooseFile()[pri:0, instance:Assessment.Assessment11@736d6a5c]" started-at="2025-07-10T16:10:14 IST" name="ChooseFile" finished-at="2025-07-10T16:10:15 IST" duration-ms="1066" status="PASS">
          <reporter-output>
          </reporter-output>
        </test-method> <!-- ChooseFile -->
      </class> <!-- Assessment.Assessment11 -->
    </test> <!-- Default test -->
  </suite> <!-- Default suite -->
</testng-results>
