<?xml version="1.0" encoding="UTF-8"?>
<testng-results ignored="0" total="3" passed="3" failed="0" skipped="0">
  <reporter-output>
  </reporter-output>
  <suite started-at="2025-07-15T16:29:47 IST" name="Default suite" finished-at="2025-07-15T16:30:02 IST" duration-ms="15162">
    <groups>
    </groups>
    <test started-at="2025-07-15T16:29:47 IST" name="Default test" finished-at="2025-07-15T16:30:02 IST" duration-ms="15162">
      <class name="Assessment.Assessment14">
        <test-method is-config="true" signature="Url()[pri:0, instance:Assessment.Assessment14@5b529706]" started-at="2025-07-15T16:29:47 IST" name="Url" finished-at="2025-07-15T16:29:54 IST" duration-ms="7117" status="PASS">
          <reporter-output>
          </reporter-output>
        </test-method> <!-- Url -->
        <test-method signature="TestOne()[pri:1, instance:Assessment.Assessment14@5b529706]" started-at="2025-07-15T16:29:54 IST" name="TestOne" finished-at="2025-07-15T16:29:55 IST" duration-ms="1097" status="PASS">
          <reporter-output>
          </reporter-output>
        </test-method> <!-- TestOne -->
        <test-method signature="TestTwo()[pri:2, instance:Assessment.Assessment14@5b529706]" started-at="2025-07-15T16:29:55 IST" name="TestTwo" finished-at="2025-07-15T16:29:59 IST" duration-ms="3976" status="PASS">
          <reporter-output>
          </reporter-output>
        </test-method> <!-- TestTwo -->
        <test-method signature="TestThree()[pri:3, instance:Assessment.Assessment14@5b529706]" started-at="2025-07-15T16:29:59 IST" name="TestThree" finished-at="2025-07-15T16:30:02 IST" duration-ms="2867" status="PASS">
          <reporter-output>
          </reporter-output>
        </test-method> <!-- TestThree -->
      </class> <!-- Assessment.Assessment14 -->
    </test> <!-- Default test -->
  </suite> <!-- Default suite -->
</testng-results>
