<?xml version="1.0" encoding="UTF-8"?>
<!-- Generated by org.testng.reporters.JUnitReportReporter -->
<testsuite hostname="DESKTOP-IP5M4J5" failures="0" tests="3" name="Assessment.Assessment9" time="0.998" errors="0" timestamp="2025-07-08T14:19:39 IST" skipped="0">
  <testcase classname="Assessment.Assessment9" name="TestCase1" time="0.504"/>
  <testcase classname="Assessment.Assessment9" name="TestCase2" time="0.247"/>
  <testcase classname="Assessment.Assessment9" name="TestCase3" time="0.247"/>
</testsuite> <!-- Assessment.Assessment9 -->
