<?xml version="1.0" encoding="UTF-8"?>
<!-- Generated by org.testng.reporters.JUnitReportReporter -->
<testsuite hostname="DESKTOP-IP5M4J5" failures="0" tests="4" name="Assessment.Assessment10$Tests" time="15.444" errors="0" timestamp="2025-07-10T14:16:28 IST" skipped="0">
  <testcase classname="Assessment.Assessment10$Tests" name="Test1" time="3.465"/>
  <testcase classname="Assessment.Assessment10$Tests" name="Test2" time="5.706"/>
  <testcase classname="Assessment.Assessment10$Tests" name="Test3" time="5.366"/>
  <testcase classname="Assessment.Assessment10$Tests" name="Test4" time="0.907"/>
</testsuite> <!-- Assessment.Assessment10$Tests -->
