<?xml version="1.0" encoding="UTF-8"?>
<!-- Generated by org.testng.reporters.JUnitReportReporter -->
<testsuite hostname="DESKTOP-IP5M4J5" failures="0" tests="3" name="Assessment.Assessment14" time="7.940" errors="0" timestamp="2025-07-15T16:30:02 IST" skipped="0">
  <testcase classname="Assessment.Assessment14" name="TestOne" time="1.097"/>
  <testcase classname="Assessment.Assessment14" name="TestTwo" time="3.976"/>
  <testcase classname="Assessment.Assessment14" name="TestThree" time="2.867"/>
</testsuite> <!-- Assessment.Assessment14 -->
