<?xml version="1.0" encoding="UTF-8"?>
<!-- Generated by org.testng.reporters.JUnitReportReporter -->
<testsuite hostname="DESKTOP-IP5M4J5" failures="0" tests="2" name="Assessment.Assessment7$TestPage" time="1.608" errors="0" timestamp="2025-07-03T19:07:59 IST" skipped="0">
  <testcase classname="Assessment.Assessment7$TestPage" name="Test2" time="0.432"/>
  <testcase classname="Assessment.Assessment7$TestPage" name="Test3" time="1.176"/>
</testsuite> <!-- Assessment.Assessment7$TestPage -->
