<?xml version="1.0" encoding="UTF-8"?>
<!-- Generated by org.testng.reporters.JUnitReportReporter -->
<testsuite hostname="DESKTOP-IP5M4J5" failures="0" tests="3" name="Assessment.OpenSource" time="11.218" errors="0" timestamp="2025-07-03T15:40:53 IST" skipped="0">
  <testcase classname="Assessment.OpenSource" name="TestOne" time="1.031"/>
  <testcase classname="Assessment.OpenSource" name="TestTwo" time="4.808"/>
  <testcase classname="Assessment.OpenSource" name="TestThree" time="5.379"/>
</testsuite> <!-- Assessment.OpenSource -->
