<?xml version="1.0" encoding="UTF-8"?>
<!-- Generated by org.testng.reporters.JUnitReportReporter -->
<testsuite hostname="DESKTOP-IP5M4J5" failures="0" tests="4" name="Assessment.Assessment9$Tests" time="19.808" errors="0" timestamp="2025-07-08T12:44:09 IST" skipped="0">
  <testcase classname="Assessment.Assessment9$Tests" name="Test1" time="6.554"/>
  <testcase classname="Assessment.Assessment9$Tests" name="Test2" time="6.095"/>
  <testcase classname="Assessment.Assessment9$Tests" name="Test3" time="5.292"/>
  <testcase classname="Assessment.Assessment9$Tests" name="Test4" time="1.867"/>
</testsuite> <!-- Assessment.Assessment9$Tests -->
